<?xml version="1.0" encoding="UTF-8"?>
<!-- Generated by org.testng.reporters.JUnitReportReporter -->
<testsuite skipped="0" hostname="Apples-MacBook-Pro.local" name="tests.LoginTest" tests="4" failures="0" timestamp="2022-03-06T15:20:11 EST" time="33.575" errors="0">
  <testcase name="loginWithWrongEmailPasswordTest" time="8.479" classname="tests.LoginTest"/>
  <system-out/>
  <testcase name="loginWithEmptyEmailTest" time="9.286" classname="tests.LoginTest"/>
  <system-out/>
  <testcase name="loginWithEmptyPasswordTest" time="8.073" classname="tests.LoginTest"/>
  <system-out/>
  <testcase name="loginWithSpecialCharEmailTest" time="7.737" classname="tests.LoginTest"/>
  <system-out/>
</testsuite> <!-- tests.LoginTest -->
